
  Date: 2025-01-15T08:29:17.703Z
  Headers: {
  "content-type": "application/json",
  "user-agent": "PostmanRuntime/7.43.0",
  "accept": "*/*",
  "cache-control": "no-cache",
  "postman-token": "64f43c9d-4ba4-4421-b64d-fad4146c7c5d",
  "host": "localhost:2000",
  "accept-encoding": "gzip, deflate, br",
  "connection": "keep-alive",
  "content-length": "19"
}
  Query Params: {}
  Body: {
  "hhd": "Dds"
}
  ----------------------------
  
  Date: 2025-01-15T08:31:05.919Z
  Headers: {
  "content-type": "application/json",
  "user-agent": "PostmanRuntime/7.43.0",
  "accept": "*/*",
  "cache-control": "no-cache",
  "postman-token": "5c3753ea-0ff6-4de0-a847-5e5b01ffec60",
  "host": "localhost:2000",
  "accept-encoding": "gzip, deflate, br",
  "connection": "keep-alive",
  "content-length": "19"
}
  Params: {}
  Query Params: {}
  Body: {
  "hhd": "Dds"
}
  ----------------------------
  